This is pdfTeX, Version 3.141592653-2.6-1.40.28 (TeX Live 2025) (preloaded format=pdflatex 2026.2.18)  6 JUL 2026 12:25
entering extended mode
 restricted \write18 enabled.
 %&-line parsing enabled.
**main.tex
(./main.tex
LaTeX2e <2025-11-01>
L3 programming layer <2026-01-19>
(c:/texlive/2025/texmf-dist/tex/latex/base/article.cls
Document Class: article 2025/01/22 v1.4n Standard LaTeX document class
(c:/texlive/2025/texmf-dist/tex/latex/base/size12.clo
File: size12.clo 2025/01/22 v1.4n Standard LaTeX file (size option)
)
\c@part=\count275
\c@section=\count276
\c@subsection=\count277
\c@subsubsection=\count278
\c@paragraph=\count279
\c@subparagraph=\count280
\c@figure=\count281
\c@table=\count282
\abovecaptionskip=\skip49
\belowcaptionskip=\skip50
\bibindent=\dimen148
)
(c:/texlive/2025/texmf-dist/tex/latex/base/inputenc.sty
Package: inputenc 2024/02/08 v1.3d Input encoding file
\inpenc@prehook=\toks17
\inpenc@posthook=\toks18
)
(c:/texlive/2025/texmf-dist/tex/latex/base/fontenc.sty
Package: fontenc 2025/07/18 v2.1d Standard LaTeX package
)
(c:/texlive/2025/texmf-dist/tex/generic/babel/babel.sty
Package: babel 2026/02/14 v26.3 The multilingual framework for LuaLaTeX, pdfLaT
eX and XeLaTeX
\babel@savecnt=\count283
LaTeX Encoding Info:    Redeclaring text command \ij (encoding OT1) on input li
ne 2078.
LaTeX Encoding Info:    Redeclaring text command \IJ (encoding OT1) on input li
ne 2080.
LaTeX Encoding Info:    Redeclaring text command \ij (encoding T1) on input lin
e 2082.
LaTeX Encoding Info:    Redeclaring text command \IJ (encoding T1) on input lin
e 2083.
LaTeX Encoding Info:    Ignoring declaration for text command \ij (encoding ?) 
on input line 2084.
LaTeX Encoding Info:    Ignoring declaration for text command \IJ (encoding ?) 
on input line 2086.
LaTeX Encoding Info:    Ignoring declaration for text command \SS (encoding ?) 
on input line 2111.
\U@D=\dimen149
\l@unhyphenated=\language90

(c:/texlive/2025/texmf-dist/tex/generic/babel/txtbabel.def)
\bbl@readstream=\read2
\bbl@dirlevel=\count284

(c:/texlive/2025/texmf-dist/tex/generic/babel/locale/it/babel-italian.tex)
Package babel Info: Importing font and identification data for italian
(babel)             from babel-it.ini. Reported on input line 4330.

(c:/texlive/2025/texmf-dist/tex/generic/babel-italian/italian.ldf
Language: italian 2026/01/13 v.1.5.02 Italian support for the babel system
\it@lettering=\count285
\it@doublequoteactive=\count286
\it@ISOcompliance=\count287
))
(c:/texlive/2025/texmf-dist/tex/latex/etoolbox/etoolbox.sty
Package: etoolbox 2025/10/02 v2.5m e-TeX tools for LaTeX (JAW)
\etb@tempcnta=\count288
)
(c:/texlive/2025/texmf-dist/tex/latex/tools/tabularx.sty
Package: tabularx 2023/12/11 v2.12a `tabularx' package (DPC)

(c:/texlive/2025/texmf-dist/tex/latex/tools/array.sty
Package: array 2025/09/25 v2.6n Tabular extension package (FMi)
\col@sep=\dimen150
\ar@mcellbox=\box53
\extrarowheight=\dimen151
\NC@list=\toks19
\extratabsurround=\skip51
\backup@length=\skip52
\ar@cellbox=\box54
)
\TX@col@width=\dimen152
\TX@old@table=\dimen153
\TX@old@col=\dimen154
\TX@target=\dimen155
\TX@delta=\dimen156
\TX@cols=\count289
\TX@ftn=\toks20
)
(c:/texlive/2025/texmf-dist/tex/latex/float/float.sty
Package: float 2001/11/08 v1.3d Float enhancements (AL)
\c@float@type=\count290
\float@exts=\toks21
\float@box=\box55
\@float@everytoks=\toks22
\@floatcapt=\box56
)
(c:/texlive/2025/texmf-dist/tex/latex/caption/caption.sty
Package: caption 2023/08/05 v3.6o Customizing captions (AR)

(c:/texlive/2025/texmf-dist/tex/latex/caption/caption3.sty
Package: caption3 2023/07/31 v2.4d caption3 kernel (AR)

(c:/texlive/2025/texmf-dist/tex/latex/graphics/keyval.sty
Package: keyval 2022/05/29 v1.15 key=value parser (DPC)
\KV@toks@=\toks23
)
\caption@tempdima=\dimen157
\captionmargin=\dimen158
\caption@leftmargin=\dimen159
\caption@rightmargin=\dimen160
\caption@width=\dimen161
\caption@indent=\dimen162
\caption@parindent=\dimen163
\caption@hangindent=\dimen164
Package caption Info: Standard document class detected.
)
\c@caption@flags=\count291
\c@continuedfloat=\count292
Package caption Info: float package is loaded.
)
(c:/texlive/2025/texmf-dist/tex/latex/caption/subcaption.sty
Package: subcaption 2023/07/28 v1.6b Sub-captions (AR)
Package caption Info: New subtype `subfigure' on input line 238.
\c@subfigure=\count293
Package caption Info: New subtype `subtable' on input line 238.
\c@subtable=\count294
)
(c:/texlive/2025/texmf-dist/tex/latex/url/url.sty
\Urlmuskip=\muskip17
Package: url 2013/09/16  ver 3.4  Verb mode for urls, etc.
)
(c:/texlive/2025/texmf-dist/tex/latex/geometry/geometry.sty
Package: geometry 2020/01/02 v5.9 Page Geometry

(c:/texlive/2025/texmf-dist/tex/generic/iftex/ifvtex.sty
Package: ifvtex 2019/10/25 v1.7 ifvtex legacy package. Use iftex instead.

(c:/texlive/2025/texmf-dist/tex/generic/iftex/iftex.sty
Package: iftex 2024/12/12 v1.0g TeX engine tests
))
\Gm@cnth=\count295
\Gm@cntv=\count296
\c@Gm@tempcnt=\count297
\Gm@bindingoffset=\dimen165
\Gm@wd@mp=\dimen166
\Gm@odd@mp=\dimen167
\Gm@even@mp=\dimen168
\Gm@layoutwidth=\dimen169
\Gm@layoutheight=\dimen170
\Gm@layouthoffset=\dimen171
\Gm@layoutvoffset=\dimen172
\Gm@dimlist=\toks24
)
(c:/texlive/2025/texmf-dist/tex/latex/graphics/graphicx.sty
Package: graphicx 2024/12/31 v1.2e Enhanced LaTeX Graphics (DPC,SPQR)

(c:/texlive/2025/texmf-dist/tex/latex/graphics/graphics.sty
Package: graphics 2024/08/06 v1.4g Standard LaTeX Graphics (DPC,SPQR)

(c:/texlive/2025/texmf-dist/tex/latex/graphics/trig.sty
Package: trig 2023/12/02 v1.11 sin cos tan (DPC)
)
(c:/texlive/2025/texmf-dist/tex/latex/graphics-cfg/graphics.cfg
File: graphics.cfg 2016/06/04 v1.11 sample graphics configuration
)
Package graphics Info: Driver file: pdftex.def on input line 106.

(c:/texlive/2025/texmf-dist/tex/latex/graphics-def/pdftex.def
File: pdftex.def 2025/09/29 v1.2d Graphics/color driver for pdftex
))
\Gin@req@height=\dimen173
\Gin@req@width=\dimen174
)
(c:/texlive/2025/texmf-dist/tex/latex/hyperref/hyperref.sty
Package: hyperref 2026-01-29 v7.01p Hypertext links for LaTeX

(c:/texlive/2025/texmf-dist/tex/latex/kvsetkeys/kvsetkeys.sty
Package: kvsetkeys 2022-10-05 v1.19 Key value parser (HO)
)
(c:/texlive/2025/texmf-dist/tex/generic/kvdefinekeys/kvdefinekeys.sty
Package: kvdefinekeys 2019-12-19 v1.6 Define keys (HO)
)
(c:/texlive/2025/texmf-dist/tex/generic/pdfescape/pdfescape.sty
Package: pdfescape 2019/12/09 v1.15 Implements pdfTeX's escape features (HO)

(c:/texlive/2025/texmf-dist/tex/generic/ltxcmds/ltxcmds.sty
Package: ltxcmds 2023-12-04 v1.26 LaTeX kernel commands for general use (HO)
)
(c:/texlive/2025/texmf-dist/tex/generic/pdftexcmds/pdftexcmds.sty
Package: pdftexcmds 2020-06-27 v0.33 Utility functions of pdfTeX for LuaTeX (HO
)

(c:/texlive/2025/texmf-dist/tex/generic/infwarerr/infwarerr.sty
Package: infwarerr 2019/12/03 v1.5 Providing info/warning/error messages (HO)
)
Package pdftexcmds Info: \pdf@primitive is available.
Package pdftexcmds Info: \pdf@ifprimitive is available.
Package pdftexcmds Info: \pdfdraftmode found.
))
(c:/texlive/2025/texmf-dist/tex/latex/hycolor/hycolor.sty
Package: hycolor 2020-01-27 v1.10 Color options for hyperref/bookmark (HO)
)
(c:/texlive/2025/texmf-dist/tex/latex/hyperref/nameref.sty
Package: nameref 2026-01-29 v2.58 Cross-referencing by name of section

(c:/texlive/2025/texmf-dist/tex/latex/refcount/refcount.sty
Package: refcount 2019/12/15 v3.6 Data extraction from label references (HO)
)
(c:/texlive/2025/texmf-dist/tex/generic/gettitlestring/gettitlestring.sty
Package: gettitlestring 2019/12/15 v1.6 Cleanup title references (HO)

(c:/texlive/2025/texmf-dist/tex/latex/kvoptions/kvoptions.sty
Package: kvoptions 2022-06-15 v3.15 Key value format for package options (HO)
))
\c@section@level=\count298
)
(c:/texlive/2025/texmf-dist/tex/generic/stringenc/stringenc.sty
Package: stringenc 2019/11/29 v1.12 Convert strings between diff. encodings (HO
)
)
\@linkdim=\dimen175
\Hy@linkcounter=\count299
\Hy@pagecounter=\count300

(c:/texlive/2025/texmf-dist/tex/latex/hyperref/pd1enc.def
File: pd1enc.def 2026-01-29 v7.01p Hyperref: PDFDocEncoding definition (HO)
Now handling font encoding PD1 ...
... no UTF-8 mapping file for font encoding PD1
)
(c:/texlive/2025/texmf-dist/tex/generic/intcalc/intcalc.sty
Package: intcalc 2019/12/15 v1.3 Expandable calculations with integers (HO)
)
\Hy@SavedSpaceFactor=\count301

(c:/texlive/2025/texmf-dist/tex/latex/hyperref/puenc.def
File: puenc.def 2026-01-29 v7.01p Hyperref: PDF Unicode definition (HO)
Now handling font encoding PU ...
... no UTF-8 mapping file for font encoding PU
)
Package hyperref Info: Option `hyperfootnotes' set `false' on input line 4072.
Package hyperref Info: Hyper figures OFF on input line 4201.
Package hyperref Info: Link nesting OFF on input line 4206.
Package hyperref Info: Hyper index ON on input line 4209.
Package hyperref Info: Plain pages OFF on input line 4216.
Package hyperref Info: Backreferencing OFF on input line 4221.
Package hyperref Info: Implicit mode ON; LaTeX internals redefined.
Package hyperref Info: Bookmarks ON on input line 4468.
\c@Hy@tempcnt=\count302
LaTeX Info: Redefining \url on input line 4807.
\XeTeXLinkMargin=\dimen176

(c:/texlive/2025/texmf-dist/tex/generic/bitset/bitset.sty
Package: bitset 2019/12/09 v1.3 Handle bit-vector datatype (HO)

(c:/texlive/2025/texmf-dist/tex/generic/bigintcalc/bigintcalc.sty
Package: bigintcalc 2019/12/15 v1.5 Expandable calculations on big integers (HO
)
))
\Fld@menulength=\count303
\Field@Width=\dimen177
\Fld@charsize=\dimen178
Package hyperref Info: Hyper figures OFF on input line 6084.
Package hyperref Info: Link nesting OFF on input line 6089.
Package hyperref Info: Hyper index ON on input line 6092.
Package hyperref Info: backreferencing OFF on input line 6099.
Package hyperref Info: Link coloring OFF on input line 6104.
Package hyperref Info: Link coloring with OCG OFF on input line 6109.
Package hyperref Info: PDF/A mode OFF on input line 6114.
\Hy@abspage=\count304
\c@Item=\count305
)
Package hyperref Info: Driver (autodetected): hpdftex.

(c:/texlive/2025/texmf-dist/tex/latex/hyperref/hpdftex.def
File: hpdftex.def 2026-01-29 v7.01p Hyperref driver for pdfTeX
\Fld@listcount=\count306
\c@bookmark@seq@number=\count307

(c:/texlive/2025/texmf-dist/tex/latex/rerunfilecheck/rerunfilecheck.sty
Package: rerunfilecheck 2025-06-21 v1.11 Rerun checks for auxiliary files (HO)

(c:/texlive/2025/texmf-dist/tex/generic/uniquecounter/uniquecounter.sty
Package: uniquecounter 2019/12/15 v1.4 Provide unlimited unique counter (HO)
)
Package uniquecounter Info: New unique counter `rerunfilecheck' on input line 2
84.
)
\Hy@SectionHShift=\skip53
)
(c:/texlive/2025/texmf-dist/tex/latex/setspace/setspace.sty
Package: setspace 2022/12/04 v6.7b set line spacing
)
(c:/texlive/2025/texmf-dist/tex/latex/pdfpages/pdfpages.sty
Package: pdfpages 2025/07/23 v0.6g Insert pages of external PDF documents (AM)

(c:/texlive/2025/texmf-dist/tex/latex/base/ifthen.sty
Package: ifthen 2024/03/16 v1.1e Standard LaTeX ifthen package (DPC)
)
(c:/texlive/2025/texmf-dist/tex/latex/tools/calc.sty
Package: calc 2025/03/01 v4.3b Infix arithmetic (KKT,FJ)
\calc@Acount=\count308
\calc@Bcount=\count309
\calc@Adimen=\dimen179
\calc@Bdimen=\dimen180
\calc@Askip=\skip54
\calc@Bskip=\skip55
LaTeX Info: Redefining \setlength on input line 86.
LaTeX Info: Redefining \addtolength on input line 87.
\calc@Ccount=\count310
\calc@Cskip=\skip56
)
(c:/texlive/2025/texmf-dist/tex/latex/eso-pic/eso-pic.sty
Package: eso-pic 2025/12/10 v3.0d eso-pic (RN)
\ESO@tempdima=\dimen181
\ESO@tempdimb=\dimen182

(c:/texlive/2025/texmf-dist/tex/latex/xcolor/xcolor.sty
Package: xcolor 2024/09/29 v3.02 LaTeX color extensions (UK)

(c:/texlive/2025/texmf-dist/tex/latex/graphics-cfg/color.cfg
File: color.cfg 2016/01/02 v1.6 sample color configuration
)
Package xcolor Info: Driver file: pdftex.def on input line 274.

(c:/texlive/2025/texmf-dist/tex/latex/graphics/mathcolor.ltx)
Package xcolor Info: Model `cmy' substituted by `cmy0' on input line 1349.
Package xcolor Info: Model `hsb' substituted by `rgb' on input line 1353.
Package xcolor Info: Model `RGB' extended on input line 1365.
Package xcolor Info: Model `HTML' substituted by `rgb' on input line 1367.
Package xcolor Info: Model `Hsb' substituted by `hsb' on input line 1368.
Package xcolor Info: Model `tHsb' substituted by `hsb' on input line 1369.
Package xcolor Info: Model `HSB' substituted by `hsb' on input line 1370.
Package xcolor Info: Model `Gray' substituted by `gray' on input line 1371.
Package xcolor Info: Model `wave' substituted by `hsb' on input line 1372.
))
\AM@pagewidth=\dimen183
\AM@pageheight=\dimen184
\AM@fboxrule=\dimen185

(c:/texlive/2025/texmf-dist/tex/latex/pdfpages/pppdftex.def
File: pppdftex.def 2025/07/23 v0.6g Pdfpages driver for pdfTeX (AM)
)
\pdfpages@includegraphics@status=\count311
\AM@pagebox=\box57
\AM@global@opts=\toks25
\AM@pagecnt=\count312
\AM@toc@title=\toks26
\AM@lof@heading=\toks27
\c@AM@survey=\count313
\AM@templatesizebox=\box58
)
(c:/texlive/2025/texmf-dist/tex/latex/tools/verbatim.sty
Package: verbatim 2024-01-22 v1.5x LaTeX2e package for verbatim enhancements
\every@verbatim=\toks28
\verbatim@line=\toks29
\verbatim@in@stream=\read3
)
(c:/texlive/2025/texmf-dist/tex/latex/tools/afterpage.sty
Package: afterpage 2023/07/04 v1.08 After-Page Package (DPC)
\AP@output=\toks30
\AP@partial=\box59
\AP@footins=\box60
)
(c:/texlive/2025/texmf-dist/tex/latex/amsmath/amsmath.sty
Package: amsmath 2025/07/09 v2.17z AMS math features
\@mathmargin=\skip57

For additional information on amsmath, use the `?' option.
(c:/texlive/2025/texmf-dist/tex/latex/amsmath/amstext.sty
Package: amstext 2024/11/17 v2.01 AMS text

(c:/texlive/2025/texmf-dist/tex/latex/amsmath/amsgen.sty
File: amsgen.sty 1999/11/30 v2.0 generic functions
\@emptytoks=\toks31
\ex@=\dimen186
))
(c:/texlive/2025/texmf-dist/tex/latex/amsmath/amsbsy.sty
Package: amsbsy 1999/11/29 v1.2d Bold Symbols
\pmbraise@=\dimen187
)
(c:/texlive/2025/texmf-dist/tex/latex/amsmath/amsopn.sty
Package: amsopn 2022/04/08 v2.04 operator names
)
\inf@bad=\count314
LaTeX Info: Redefining \frac on input line 233.
\uproot@=\count315
\leftroot@=\count316
LaTeX Info: Redefining \overline on input line 398.
LaTeX Info: Redefining \colon on input line 409.
\classnum@=\count317
\DOTSCASE@=\count318
LaTeX Info: Redefining \ldots on input line 495.
LaTeX Info: Redefining \dots on input line 498.
LaTeX Info: Redefining \cdots on input line 619.
\Mathstrutbox@=\box61
\strutbox@=\box62
LaTeX Info: Redefining \big on input line 721.
LaTeX Info: Redefining \Big on input line 722.
LaTeX Info: Redefining \bigg on input line 723.
LaTeX Info: Redefining \Bigg on input line 724.
\big@size=\dimen188
LaTeX Font Info:    Redeclaring font encoding OML on input line 742.
LaTeX Font Info:    Redeclaring font encoding OMS on input line 743.
\macc@depth=\count319
LaTeX Info: Redefining \bmod on input line 904.
LaTeX Info: Redefining \pmod on input line 909.
LaTeX Info: Redefining \smash on input line 939.
LaTeX Info: Redefining \relbar on input line 969.
LaTeX Info: Redefining \Relbar on input line 970.
\c@MaxMatrixCols=\count320
\dotsspace@=\muskip18
\c@parentequation=\count321
\dspbrk@lvl=\count322
\tag@help=\toks32
\row@=\count323
\column@=\count324
\maxfields@=\count325
\andhelp@=\toks33
\eqnshift@=\dimen189
\alignsep@=\dimen190
\tagshift@=\dimen191
\tagwidth@=\dimen192
\totwidth@=\dimen193
\lineht@=\dimen194
\@envbody=\toks34
\multlinegap=\skip58
\multlinetaggap=\skip59
\mathdisplay@stack=\toks35
LaTeX Info: Redefining \[ on input line 2950.
LaTeX Info: Redefining \] on input line 2951.
)
(c:/texlive/2025/texmf-dist/tex/latex/tools/bm.sty
Package: bm 2025/10/21 v1.2g Bold Symbol Support (DPC/FMi)
\symboldoperators=\mathgroup4
\symboldletters=\mathgroup5
\symboldsymbols=\mathgroup6
Package bm Info: No bold for \OMX/cmex/m/n, using \pmb.
LaTeX Font Info:    Redeclaring math alphabet \mathbf on input line 149.
)
(c:/texlive/2025/texmf-dist/tex/latex/enumitem/enumitem.sty
Package: enumitem 2025/02/06 v3.11 Customized lists
\labelindent=\skip60
\enit@outerparindent=\dimen195
\enit@toks=\toks36
\enit@inbox=\box63
\enit@count@id=\count326
\enitdp@description=\count327
)
(c:/texlive/2025/texmf-dist/tex/latex/algorithms/algorithm.sty
Package: algorithm 2009/08/24 v0.1 Document Style `algorithm' - floating enviro
nment
\@float@every@algorithm=\toks37
\c@algorithm=\count328
)
(c:/texlive/2025/texmf-dist/tex/latex/algorithmicx/algpseudocode.sty
Package: algpseudocode 

(c:/texlive/2025/texmf-dist/tex/latex/algorithmicx/algorithmicx.sty
Package: algorithmicx 2005/04/27 v1.2 Algorithmicx

Document Style algorithmicx 1.2 - a greatly improved `algorithmic' style
\c@ALG@line=\count329
\c@ALG@rem=\count330
\c@ALG@nested=\count331
\ALG@tlm=\skip61
\ALG@thistlm=\skip62
\c@ALG@Lnr=\count332
\c@ALG@blocknr=\count333
\c@ALG@storecount=\count334
\c@ALG@tmpcounter=\count335
\ALG@tmplength=\skip63
)
Document Style - pseudocode environments for use with the `algorithmicx' style
) (c:/texlive/2025/texmf-dist/tex/latex/l3backend/l3backend-pdftex.def
File: l3backend-pdftex.def 2025-10-09 L3 backend support: PDF output (pdfTeX)
\l__color_backend_stack_int=\count336
)
(./main.aux)
\openout1 = `main.aux'.

LaTeX Font Info:    Checking defaults for OML/cmm/m/it on input line 35.
LaTeX Font Info:    ... okay on input line 35.
LaTeX Font Info:    Checking defaults for OMS/cmsy/m/n on input line 35.
LaTeX Font Info:    ... okay on input line 35.
LaTeX Font Info:    Checking defaults for OT1/cmr/m/n on input line 35.
LaTeX Font Info:    ... okay on input line 35.
LaTeX Font Info:    Checking defaults for T1/cmr/m/n on input line 35.
LaTeX Font Info:    ... okay on input line 35.
LaTeX Font Info:    Checking defaults for TS1/cmr/m/n on input line 35.
LaTeX Font Info:    ... okay on input line 35.
LaTeX Font Info:    Checking defaults for OMX/cmex/m/n on input line 35.
LaTeX Font Info:    ... okay on input line 35.
LaTeX Font Info:    Checking defaults for U/cmr/m/n on input line 35.
LaTeX Font Info:    ... okay on input line 35.
LaTeX Font Info:    Checking defaults for PD1/pdf/m/n on input line 35.
LaTeX Font Info:    ... okay on input line 35.
LaTeX Font Info:    Checking defaults for PU/pdf/m/n on input line 35.
LaTeX Font Info:    ... okay on input line 35.
LaTeX Info: Redefining \it@ocap on input line 35.
LaTeX Info: Redefining \it@ccap on input line 35.
Package caption Info: Begin \AtBeginDocument code.
Package caption Info: hyperref package is loaded.
Package caption Info: End \AtBeginDocument code.

*geometry* driver: auto-detecting
*geometry* detected driver: pdftex
*geometry* verbose mode - [ preamble ] result:
* driver: pdftex
* paper: <default>
* layout: <same size as paper>
* layoutoffset:(h,v)=(0.0pt,0.0pt)
* modes: 
* h-part:(L,W,R)=(92.14519pt, 430.00462pt, 92.14519pt)
* v-part:(T,H,B)=(95.39737pt, 556.47656pt, 143.09605pt)
* \paperwidth=614.295pt
* \paperheight=794.96999pt
* \textwidth=430.00462pt
* \textheight=556.47656pt
* \oddsidemargin=19.8752pt
* \evensidemargin=19.8752pt
* \topmargin=-13.87262pt
* \headheight=12.0pt
* \headsep=25.0pt
* \topskip=12.0pt
* \footskip=30.0pt
* \marginparwidth=44.0pt
* \marginparsep=10.0pt
* \columnsep=10.0pt
* \skip\footins=10.8pt plus 4.0pt minus 2.0pt
* \hoffset=0.0pt
* \voffset=0.0pt
* \mag=1000
* \@twocolumnfalse
* \@twosidefalse
* \@mparswitchfalse
* \@reversemarginfalse
* (1in=72.27pt=25.4mm, 1cm=28.453pt)

(c:/texlive/2025/texmf-dist/tex/context/base/mkii/supp-pdf.mkii
[Loading MPS to PDF converter (version 2006.09.02).]
\scratchcounter=\count337
\scratchdimen=\dimen196
\scratchbox=\box64
\nofMPsegments=\count338
\nofMParguments=\count339
\everyMPshowfont=\toks38
\MPscratchCnt=\count340
\MPscratchDim=\dimen197
\MPnumerator=\count341
\makeMPintoPDFobject=\count342
\everyMPtoPDFconversion=\toks39
) (c:/texlive/2025/texmf-dist/tex/latex/epstopdf-pkg/epstopdf-base.sty
Package: epstopdf-base 2020-01-24 v2.11 Base part for package epstopdf
Package epstopdf-base Info: Redefining graphics rule for `.eps' on input line 4
85.

(c:/texlive/2025/texmf-dist/tex/latex/latexconfig/epstopdf-sys.cfg
File: epstopdf-sys.cfg 2010/07/13 v1.3 Configuration of (r)epstopdf for TeX Liv
e
))
Package hyperref Info: Link coloring OFF on input line 35.

(./main.out) (./main.out)
\@outlinefile=\write3
\openout3 = `main.out'.


(c:/texlive/2025/texmf-dist/tex/latex/pdflscape/pdflscape.sty
Package: pdflscape 2025-06-23 v0.14 Display of landscape pages in PDF

(c:/texlive/2025/texmf-dist/tex/latex/pdflscape/pdflscape-nometadata.sty
Package: pdflscape-nometadata 2025-06-23 v0.14 Display of landscape pages in PD
F (HO)

(c:/texlive/2025/texmf-dist/tex/latex/graphics/lscape.sty
Package: lscape 2020/05/28 v3.02 Landscape Pages (DPC)
)
Package pdflscape Info: Auto-detected driver: pdftex on input line 81.
))
<docs/frontespizio.pdf, id=200, 597.23125pt x 845.1575pt>
File: docs/frontespizio.pdf Graphic file (type pdf)
<use docs/frontespizio.pdf>
Package pdftex.def Info: docs/frontespizio.pdf  used on input line 38.
(pdftex.def)             Requested size: 597.22978pt x 845.15544pt.
<docs/frontespizio.pdf, id=202, page=1, 597.23125pt x 845.1575pt>
File: docs/frontespizio.pdf Graphic file (type pdf)
<use docs/frontespizio.pdf, page 1>
Package pdftex.def Info: docs/frontespizio.pdf , page1 used on input line 38.
(pdftex.def)             Requested size: 597.22978pt x 845.15544pt.
File: docs/frontespizio.pdf Graphic file (type pdf)
<use docs/frontespizio.pdf, page 1>
Package pdftex.def Info: docs/frontespizio.pdf , page1 used on input line 38.
(pdftex.def)             Requested size: 561.86221pt x 795.10587pt.
File: docs/frontespizio.pdf Graphic file (type pdf)
<use docs/frontespizio.pdf, page 1>
Package pdftex.def Info: docs/frontespizio.pdf , page1 used on input line 38.
(pdftex.def)             Requested size: 561.86221pt x 795.10587pt.
File: docs/frontespizio.pdf Graphic file (type pdf)
<use docs/frontespizio.pdf, page 1>
Package pdftex.def Info: docs/frontespizio.pdf , page1 used on input line 38.
(pdftex.def)             Requested size: 561.86221pt x 795.10587pt.
File: docs/frontespizio.pdf Graphic file (type pdf)
<use docs/frontespizio.pdf, page 1>
Package pdftex.def Info: docs/frontespizio.pdf , page1 used on input line 38.
(pdftex.def)             Requested size: 561.86221pt x 795.10587pt.
 [1


 <./docs/frontespizio.pdf>] (./main.toc [1{c:/texlive/2025/texmf-var/fonts/map/
pdftex/updmap/pdftex.map}{c:/texlive/2025/texmf-dist/fonts/enc/dvips/cm-super/c
m-super-t1.enc}])
\tf@toc=\write4
\openout4 = `main.toc'.

 [2] (./1-Introduzione/Introduzione.tex
<images/panoramica_sistema.png, id=289, 1510.443pt x 396.40096pt>
File: images/panoramica_sistema.png Graphic file (type png)
<use images/panoramica_sistema.png>
Package pdftex.def Info: images/panoramica_sistema.png  used on input line 11.
(pdftex.def)             Requested size: 430.00462pt x 112.84842pt.

pdfTeX warning (ext4): destination with the same identifier (name{page.1}) has 
been already used, duplicate ignored
<to be read again> 
                   \relax 
l.20     \item \textbf
                      {NumPy}: gestisce la rappresentazione della griglia at...
[1 <./images/panoramica_sistema.png>] [2{c:/texlive/2025/texmf-dist/fonts/enc/d
vips/cm-super/cm-super-ts1.enc}]) [3] (./2-CompitoUno/CompitoUno.tex
LaTeX Font Info:    Font shape `T1/cmtt/bx/n' in size <12> not available
(Font)              Font shape `T1/cmtt/m/n' tried instead on input line 20.
 [4]
<images/tipologie_ostacoli.png, id=320, 1510.443pt x 344.0052pt>
File: images/tipologie_ostacoli.png Graphic file (type png)
<use images/tipologie_ostacoli.png>
Package pdftex.def Info: images/tipologie_ostacoli.png  used on input line 35.
(pdftex.def)             Requested size: 430.00462pt x 97.93227pt.

[5 <./images/tipologie_ostacoli.png>]
Package hyperref Info: bookmark level for unknown algorithm defaults to 0 on in
put line 49.
<../results/griglia_generata.png, id=330, 836.52525pt x 860.013pt>
File: ../results/griglia_generata.png Graphic file (type png)
<use ../results/griglia_generata.png>
Package pdftex.def Info: ../results/griglia_generata.png  used on input line 86
.
(pdftex.def)             Requested size: 266.60075pt x 274.08122pt.
) [6] [7 <../results/griglia_generata.png>] (./3-CompitoDue/CompitoDue.tex

Package hyperref Warning: Token not allowed in a PDF string (Unicode):
(hyperref)                removing `math shift' on input line 5.


Package hyperref Warning: Token not allowed in a PDF string (Unicode):
(hyperref)                removing `subscript' on input line 5.


Package hyperref Warning: Token not allowed in a PDF string (Unicode):
(hyperref)                removing `math shift' on input line 5.

<images/cammini_liberi_tipo1_tipo2.png, id=346, 484.9317pt x 440.847pt>
File: images/cammini_liberi_tipo1_tipo2.png Graphic file (type png)
<use images/cammini_liberi_tipo1_tipo2.png>
Package pdftex.def Info: images/cammini_liberi_tipo1_tipo2.png  used on input l
ine 22.
(pdftex.def)             Requested size: 266.60075pt x 242.37242pt.
[8]

Package hyperref Warning: Token not allowed in a PDF string (Unicode):
(hyperref)                removing `math shift' on input line 36.


Package hyperref Warning: Token not allowed in a PDF string (Unicode):
(hyperref)                removing `\max' on input line 36.


Package hyperref Warning: Token not allowed in a PDF string (Unicode):
(hyperref)                removing `superscript' on input line 36.


Package hyperref Warning: Token not allowed in a PDF string (Unicode):
(hyperref)                removing `math shift' on input line 36.

[9 <./images/cammini_liberi_tipo1_tipo2.png>]
Overfull \hbox (3.45663pt too wide) in paragraph at lines 74--75
[] \T1/cmr/bx/n/12 for each $\OML/cmm/m/it/12 c \OMS/cmsy/m/n/12 2 f[]\OML/cmm/
m/it/12 d; []d\OMS/cmsy/m/n/12 g$
 []

[10] [11] [12]
<images/contesto_complemento_frontiera.png, id=379, 904.0977pt x 453.1329pt>
File: images/contesto_complemento_frontiera.png Graphic file (type png)
<use images/contesto_complemento_frontiera.png>
Package pdftex.def Info: images/contesto_complemento_frontiera.png  used on inp
ut line 134.
(pdftex.def)             Requested size: 430.00462pt x 215.51692pt.
) [13 <./images/contesto_complemento_frontiera.png>]
(./4-CompitoTre/CompitoTre.tex [14] [15]
<images/esplorazione_potatura_debole_vs_forte.png, id=402, 904.8204pt x 466.864
2pt>
File: images/esplorazione_potatura_debole_vs_forte.png Graphic file (type png)
<use images/esplorazione_potatura_debole_vs_forte.png>
Package pdftex.def Info: images/esplorazione_potatura_debole_vs_forte.png  used
 on input line 49.
(pdftex.def)             Requested size: 430.00462pt x 221.86964pt.
 [16 <./images/esplorazione_potatura_debole_vs_forte.png>]
Overfull \hbox (42.25645pt too wide) in paragraph at lines 60--61
[]\T1/cmr/m/n/12 L'effetto č quan-ti-fi-ca-to da un espe-ri-men-to de-di-ca-to 
(\T1/cmtt/m/n/12 scripts/verifica_componenti.py\T1/cmr/m/n/12 ):
 []

[17] [18]
<../results/cammino_risolto.png, id=421, 836.52525pt x 860.013pt>
File: ../results/cammino_risolto.png Graphic file (type png)
<use ../results/cammino_risolto.png>
Package pdftex.def Info: ../results/cammino_risolto.png  used on input line 87.

(pdftex.def)             Requested size: 266.60075pt x 274.08122pt.
 [19]
<images/cammino_risolto_complesso.png, id=428, 836.52525pt x 860.013pt>
File: images/cammino_risolto_complesso.png Graphic file (type png)
<use images/cammino_risolto_complesso.png>
Package pdftex.def Info: images/cammino_risolto_complesso.png  used on input li
ne 96.
(pdftex.def)             Requested size: 309.60385pt x 318.30481pt.
) [20 <../results/cammino_risolto.png>] [21 <./images/cammino_risolto_complesso
.png>] (./5-CompitoQuattro/CompitoQuattro.tex [22] [23] [24]
<../results/1_time_vs_density.png, id=455, 578.16pt x 361.35pt>
File: ../results/1_time_vs_density.png Graphic file (type png)
<use ../results/1_time_vs_density.png>
Package pdftex.def Info: ../results/1_time_vs_density.png  used on input line 4
7.
(pdftex.def)             Requested size: 322.50346pt x 201.56064pt.

[25 <../results/1_time_vs_density.png>]
<../results/2_pruning_comparison_boxplot.png, id=462, 714.7503pt x 425.6703pt>
File: ../results/2_pruning_comparison_boxplot.png Graphic file (type png)
<use ../results/2_pruning_comparison_boxplot.png>
Package pdftex.def Info: ../results/2_pruning_comparison_boxplot.png  used on i
nput line 61.
(pdftex.def)             Requested size: 365.50655pt x 217.68652pt.
 [26] [27 <../results/2_pruning_comparison_boxplot.png>] [28]
<../results/3_complexity_scaling_loglog.png, id=482, 578.16pt x 361.35pt>
File: ../results/3_complexity_scaling_loglog.png Graphic file (type png)
<use ../results/3_complexity_scaling_loglog.png>
Package pdftex.def Info: ../results/3_complexity_scaling_loglog.png  used on in
put line 80.
(pdftex.def)             Requested size: 322.50346pt x 201.56064pt.
<../results/4_scatter_time_vs_frontier.png, id=483, 578.16pt x 397.485pt>
File: ../results/4_scatter_time_vs_frontier.png Graphic file (type png)
<use ../results/4_scatter_time_vs_frontier.png>
Package pdftex.def Info: ../results/4_scatter_time_vs_frontier.png  used on inp
ut line 90.
(pdftex.def)             Requested size: 301.00192pt x 206.93599pt.
 [29 <../results/3_complexity_scaling_loglog.png>]
<../results/5_scatter_time_vs_recursion.png, id=490, 578.16pt x 397.485pt>
File: ../results/5_scatter_time_vs_recursion.png Graphic file (type png)
<use ../results/5_scatter_time_vs_recursion.png>
Package pdftex.def Info: ../results/5_scatter_time_vs_recursion.png  used on in
put line 100.
(pdftex.def)             Requested size: 301.00192pt x 206.93599pt.

[30 <../results/4_scatter_time_vs_frontier.png>]
<../results/6_symmetry_per_type.png, id=497, 650.43pt x 397.485pt>
File: ../results/6_symmetry_per_type.png Graphic file (type png)
<use ../results/6_symmetry_per_type.png>
Package pdftex.def Info: ../results/6_symmetry_per_type.png  used on input line
 110.
(pdftex.def)             Requested size: 335.40308pt x 204.97089pt.
 [31 <../results/5_scatter_time_vs_recursion.png>] [32 <../results/6_symmetry_p
er_type.png>] [33]
<images/divario_anytime.png, id=519, 578.16pt x 361.35pt>
File: images/divario_anytime.png Graphic file (type png)
<use images/divario_anytime.png>
Package pdftex.def Info: images/divario_anytime.png  used on input line 131.
(pdftex.def)             Requested size: 365.50655pt x 228.44017pt.
 [34 <./images/divario_anytime.png>]) [35] (./6-Conclusioni/Conclusioni.tex [36
] [37])
[38] (./7-UsoDelCodice/UsoDelCodice.tex [39]
Overfull \hbox (4.5962pt too wide) in paragraph at lines 43--44
\T1/cmr/m/n/12 Per ge-ne-ra-re pro-ce-du-ral-men-te osta-co-li mi-sti (\T1/cmtt
/m/n/12 simple\T1/cmr/m/n/12 , \T1/cmtt/m/n/12 cluster\T1/cmr/m/n/12 , \T1/cmtt
/m/n/12 diagonal\T1/cmr/m/n/12 , \T1/cmtt/m/n/12 enclosure\T1/cmr/m/n/12 ,
 []


Overfull \hbox (2.13985pt too wide) in paragraph at lines 53--53
[]\T1/cmtt/m/n/12 PYTHONPATH=. .venv/bin/python main.py context --grid grids/gr
id.json \ 
 []


Package hyperref Warning: Token not allowed in a PDF string (Unicode):
(hyperref)                removing `math shift' on input line 57.


Package hyperref Warning: Token not allowed in a PDF string (Unicode):
(hyperref)                removing `subscript' on input line 57.


Package hyperref Warning: Token not allowed in a PDF string (Unicode):
(hyperref)                removing `math shift' on input line 57.

[40]
Overfull \hbox (2.13985pt too wide) in paragraph at lines 60--60
[]\T1/cmtt/m/n/12 PYTHONPATH=. .venv/bin/python main.py dlib --origin 10,10 --d
est 40,40 
 []


Overfull \hbox (20.66032pt too wide) in paragraph at lines 66--66
[]\T1/cmtt/m/n/12 PYTHONPATH=. .venv/bin/python main.py camminomin --grid grids
/grid.json \ 
 []

[41]
Overfull \hbox (33.00731pt too wide) in paragraph at lines 81--81
[]\T1/cmtt/m/n/12 PYTHONPATH=. .venv/bin/python main.py experiment --verify-sym
metry-count 10 
 []


Overfull \hbox (33.00731pt too wide) in paragraph at lines 90--90
[]\T1/cmtt/m/n/12 PYTHONPATH=. .venv/bin/python scripts/genera_immagine_tipolog
ie_ostacoli.py[] 
 []


Overfull \hbox (8.31334pt too wide) in paragraph at lines 91--91
[]\T1/cmtt/m/n/12 PYTHONPATH=. .venv/bin/python scripts/genera_immagine_cammini
_liberi.py[] 
 []


Overfull \hbox (51.52779pt too wide) in paragraph at lines 93--93
[]\T1/cmtt/m/n/12 PYTHONPATH=. .venv/bin/python scripts/genera_immagine_esplora
zione_potatura.py[] 
 []

[42]
Overfull \hbox (26.83382pt too wide) in paragraph at lines 112--112
[]\T1/cmtt/m/n/12 PYTHONPATH=. .venv/bin/python -m unittest discover -s tests -
p "test_*.py" 
 []

) [43]
Underfull \hbox (badness 7740) in paragraph at lines 67--68
[]\T1/cmr/m/n/12 Python Soft-ware Foun-da-tion, \T1/cmr/m/it/12 sys.setrecursio
nlimit\T1/cmr/m/n/12 , do-cu-men-ta-zio-ne uf-
 []


Underfull \hbox (badness 10000) in paragraph at lines 67--68
\T1/cmr/m/n/12 fi-cia-le Py-thon. []$\T1/cmtt/m/n/12 https : / / docs . python 
. org / 3 / library / sys . html # sys .
 []

[44] (./main.aux)
 ***********
LaTeX2e <2025-11-01>
L3 programming layer <2026-01-19>
 ***********
Package rerunfilecheck Info: File `main.out' has not changed.
(rerunfilecheck)             Checksum: 1E187725217CD91C5863F72859B28F1E;13375.
 ) 
Here is how much of TeX's memory you used:
 15528 strings out of 467533
 250743 string characters out of 5423668
 685425 words of memory out of 5000000
 44046 multiletter control sequences out of 15000+600000
 650069 words of font info for 92 fonts, out of 8000000 for 9000
 1141 hyphenation exceptions out of 8191
 75i,17n,90p,2110b,667s stack positions out of 10000i,1000n,20000p,200000b,200000s
<c:/texlive/2025/texmf-dist/fonts/type1/public/amsfonts/cm/cmmi12.pfb><c:/tex
live/2025/texmf-dist/fonts/type1/public/amsfonts/cm/cmmi8.pfb><c:/texlive/2025/
texmf-dist/fonts/type1/public/amsfonts/cm/cmr10.pfb><c:/texlive/2025/texmf-dist
/fonts/type1/public/amsfonts/cm/cmr12.pfb><c:/texlive/2025/texmf-dist/fonts/typ
e1/public/amsfonts/cm/cmr8.pfb><c:/texlive/2025/texmf-dist/fonts/type1/public/a
msfonts/cm/cmsy10.pfb><c:/texlive/2025/texmf-dist/fonts/type1/public/amsfonts/c
m/cmsy8.pfb><c:/texlive/2025/texmf-dist/fonts/type1/public/cm-super/sfbx0800.pf
b><c:/texlive/2025/texmf-dist/fonts/type1/public/cm-super/sfbx1000.pfb><c:/texl
ive/2025/texmf-dist/fonts/type1/public/cm-super/sfbx1200.pfb><c:/texlive/2025/t
exmf-dist/fonts/type1/public/cm-super/sfbx1440.pfb><c:/texlive/2025/texmf-dist/
fonts/type1/public/cm-super/sfbx1728.pfb><c:/texlive/2025/texmf-dist/fonts/type
1/public/cm-super/sfcc1200.pfb><c:/texlive/2025/texmf-dist/fonts/type1/public/c
m-super/sfrm0800.pfb><c:/texlive/2025/texmf-dist/fonts/type1/public/cm-super/sf
rm1000.pfb><c:/texlive/2025/texmf-dist/fonts/type1/public/cm-super/sfrm1200.pfb
><c:/texlive/2025/texmf-dist/fonts/type1/public/cm-super/sfti1200.pfb><c:/texli
ve/2025/texmf-dist/fonts/type1/public/cm-super/sftt1200.pfb>
Output written on main.pdf (47 pages, 2470581 bytes).
PDF statistics:
 692 PDF objects out of 1000 (max. 8388607)
 561 compressed objects within 6 object streams
 143 named destinations out of 1000 (max. 500000)
 483 words of extra memory for PDF output out of 10000 (max. 10000000)

